2024/06/18 23:47:50 [notice] 1#1: using the "epoll" event method
2024/06/18 23:47:50 [notice] 1#1: nginx/1.27.0
2024/06/18 23:47:50 [notice] 1#1: built by gcc 12.2.0 (Debian 12.2.0-14) 
2024/06/18 23:47:50 [notice] 1#1: OS: Linux 6.6.31-linuxkit
2024/06/18 23:47:50 [notice] 1#1: getrlimit(RLIMIT_NOFILE): 1048576:1048576
2024/06/18 23:47:50 [notice] 1#1: start worker processes
2024/06/18 23:47:50 [notice] 1#1: start worker process 21
2024/06/18 23:47:50 [notice] 1#1: start worker process 22
2024/06/18 23:47:50 [notice] 1#1: start worker process 23
2024/06/18 23:47:50 [notice] 1#1: start worker process 24
2024/06/18 23:47:50 [notice] 1#1: start worker process 25
2024/06/18 23:47:50 [notice] 1#1: start worker process 26
2024/06/18 23:47:50 [notice] 1#1: start worker process 27
2024/06/18 23:47:50 [notice] 1#1: start worker process 28
2024/06/18 23:59:04 [notice] 1#1: signal 3 (SIGQUIT) received, shutting down
2024/06/18 23:59:04 [notice] 22#22: gracefully shutting down
2024/06/18 23:59:04 [notice] 23#23: gracefully shutting down
2024/06/18 23:59:04 [notice] 26#26: gracefully shutting down
2024/06/18 23:59:04 [notice] 21#21: gracefully shutting down
2024/06/18 23:59:04 [notice] 24#24: gracefully shutting down
2024/06/18 23:59:04 [notice] 27#27: gracefully shutting down
2024/06/18 23:59:04 [notice] 28#28: gracefully shutting down
2024/06/18 23:59:04 [notice] 25#25: gracefully shutting down
2024/06/18 23:59:04 [notice] 22#22: exiting
2024/06/18 23:59:04 [notice] 23#23: exiting
2024/06/18 23:59:04 [notice] 26#26: exiting
2024/06/18 23:59:04 [notice] 21#21: exiting
2024/06/18 23:59:04 [notice] 24#24: exiting
2024/06/18 23:59:04 [notice] 27#27: exiting
2024/06/18 23:59:04 [notice] 28#28: exiting
2024/06/18 23:59:04 [notice] 25#25: exiting
2024/06/18 23:59:04 [notice] 22#22: exit
2024/06/18 23:59:04 [notice] 23#23: exit
2024/06/18 23:59:04 [notice] 26#26: exit
2024/06/18 23:59:04 [notice] 21#21: exit
2024/06/18 23:59:04 [notice] 24#24: exit
2024/06/18 23:59:04 [notice] 27#27: exit
2024/06/18 23:59:04 [notice] 28#28: exit
2024/06/18 23:59:04 [notice] 25#25: exit
2024/06/18 23:59:04 [notice] 1#1: signal 17 (SIGCHLD) received from 23
2024/06/18 23:59:04 [notice] 1#1: worker process 21 exited with code 0
2024/06/18 23:59:04 [notice] 1#1: worker process 22 exited with code 0
2024/06/18 23:59:04 [notice] 1#1: worker process 23 exited with code 0
2024/06/18 23:59:04 [notice] 1#1: worker process 24 exited with code 0
2024/06/18 23:59:04 [notice] 1#1: worker process 25 exited with code 0
2024/06/18 23:59:04 [notice] 1#1: worker process 26 exited with code 0
2024/06/18 23:59:04 [notice] 1#1: worker process 27 exited with code 0
2024/06/18 23:59:04 [notice] 1#1: worker process 28 exited with code 0
2024/06/18 23:59:04 [notice] 1#1: exit
2024/06/19 00:00:24 [notice] 1#1: using the "epoll" event method
2024/06/19 00:00:24 [notice] 1#1: nginx/1.27.0
2024/06/19 00:00:24 [notice] 1#1: built by gcc 12.2.0 (Debian 12.2.0-14) 
2024/06/19 00:00:24 [notice] 1#1: OS: Linux 6.6.31-linuxkit
2024/06/19 00:00:24 [notice] 1#1: getrlimit(RLIMIT_NOFILE): 1048576:1048576
2024/06/19 00:00:24 [notice] 1#1: start worker processes
2024/06/19 00:00:24 [notice] 1#1: start worker process 22
2024/06/19 00:00:24 [notice] 1#1: start worker process 23
2024/06/19 00:00:24 [notice] 1#1: start worker process 24
2024/06/19 00:00:24 [notice] 1#1: start worker process 25
2024/06/19 00:00:24 [notice] 1#1: start worker process 26
2024/06/19 00:00:24 [notice] 1#1: start worker process 27
2024/06/19 00:00:24 [notice] 1#1: start worker process 28
2024/06/19 00:00:24 [notice] 1#1: start worker process 29
2024/06/19 00:00:34 [notice] 1#1: signal 3 (SIGQUIT) received, shutting down
2024/06/19 00:00:34 [notice] 25#25: gracefully shutting down
2024/06/19 00:00:34 [notice] 25#25: exiting
2024/06/19 00:00:34 [notice] 28#28: gracefully shutting down
2024/06/19 00:00:34 [notice] 28#28: exiting
2024/06/19 00:00:34 [notice] 23#23: gracefully shutting down
2024/06/19 00:00:34 [notice] 22#22: gracefully shutting down
2024/06/19 00:00:34 [notice] 26#26: gracefully shutting down
2024/06/19 00:00:34 [notice] 24#24: gracefully shutting down
2024/06/19 00:00:34 [notice] 29#29: gracefully shutting down
2024/06/19 00:00:34 [notice] 27#27: gracefully shutting down
2024/06/19 00:00:34 [notice] 25#25: exit
2024/06/19 00:00:34 [notice] 28#28: exit
2024/06/19 00:00:34 [notice] 23#23: exiting
2024/06/19 00:00:34 [notice] 23#23: exit
2024/06/19 00:00:34 [notice] 22#22: exiting
2024/06/19 00:00:34 [notice] 26#26: exiting
2024/06/19 00:00:34 [notice] 24#24: exiting
2024/06/19 00:00:34 [notice] 29#29: exiting
2024/06/19 00:00:34 [notice] 27#27: exiting
2024/06/19 00:00:34 [notice] 22#22: exit
2024/06/19 00:00:34 [notice] 26#26: exit
2024/06/19 00:00:34 [notice] 24#24: exit
2024/06/19 00:00:34 [notice] 29#29: exit
2024/06/19 00:00:34 [notice] 27#27: exit
2024/06/19 00:00:34 [notice] 1#1: signal 17 (SIGCHLD) received from 23
2024/06/19 00:00:34 [notice] 1#1: worker process 22 exited with code 0
2024/06/19 00:00:34 [notice] 1#1: worker process 23 exited with code 0
2024/06/19 00:00:34 [notice] 1#1: worker process 25 exited with code 0
2024/06/19 00:00:34 [notice] 1#1: worker process 26 exited with code 0
2024/06/19 00:00:34 [notice] 1#1: worker process 28 exited with code 0
2024/06/19 00:00:34 [notice] 1#1: worker process 29 exited with code 0
2024/06/19 00:00:34 [notice] 1#1: signal 29 (SIGIO) received
2024/06/19 00:00:34 [notice] 1#1: signal 17 (SIGCHLD) received from 22
2024/06/19 00:00:34 [notice] 1#1: signal 17 (SIGCHLD) received from 24
2024/06/19 00:00:34 [notice] 1#1: worker process 24 exited with code 0
2024/06/19 00:00:34 [notice] 1#1: worker process 27 exited with code 0
2024/06/19 00:00:34 [notice] 1#1: exit
2024/06/19 00:00:34 [notice] 1#1: using the "epoll" event method
2024/06/19 00:00:34 [notice] 1#1: nginx/1.27.0
2024/06/19 00:00:34 [notice] 1#1: built by gcc 12.2.0 (Debian 12.2.0-14) 
2024/06/19 00:00:34 [notice] 1#1: OS: Linux 6.6.31-linuxkit
2024/06/19 00:00:34 [notice] 1#1: getrlimit(RLIMIT_NOFILE): 1048576:1048576
2024/06/19 00:00:34 [notice] 1#1: start worker processes
2024/06/19 00:00:34 [notice] 1#1: start worker process 22
2024/06/19 00:00:34 [notice] 1#1: start worker process 23
2024/06/19 00:00:34 [notice] 1#1: start worker process 24
2024/06/19 00:00:34 [notice] 1#1: start worker process 25
2024/06/19 00:00:34 [notice] 1#1: start worker process 26
2024/06/19 00:00:34 [notice] 1#1: start worker process 27
2024/06/19 00:00:34 [notice] 1#1: start worker process 28
2024/06/19 00:00:34 [notice] 1#1: start worker process 29
2024/06/19 00:01:33 [notice] 1#1: signal 3 (SIGQUIT) received, shutting down
2024/06/19 00:01:33 [notice] 24#24: gracefully shutting down
2024/06/19 00:01:33 [notice] 24#24: exiting
2024/06/19 00:01:33 [notice] 25#25: gracefully shutting down
2024/06/19 00:01:33 [notice] 25#25: exiting
2024/06/19 00:01:33 [notice] 26#26: gracefully shutting down
2024/06/19 00:01:33 [notice] 27#27: gracefully shutting down
2024/06/19 00:01:33 [notice] 27#27: exiting
2024/06/19 00:01:33 [notice] 28#28: gracefully shutting down
2024/06/19 00:01:33 [notice] 22#22: gracefully shutting down
2024/06/19 00:01:33 [notice] 29#29: gracefully shutting down
2024/06/19 00:01:33 [notice] 23#23: gracefully shutting down
2024/06/19 00:01:33 [notice] 24#24: exit
2024/06/19 00:01:33 [notice] 25#25: exit
2024/06/19 00:01:33 [notice] 26#26: exiting
2024/06/19 00:01:33 [notice] 27#27: exit
2024/06/19 00:01:33 [notice] 28#28: exiting
2024/06/19 00:01:33 [notice] 22#22: exiting
2024/06/19 00:01:33 [notice] 29#29: exiting
2024/06/19 00:01:33 [notice] 23#23: exiting
2024/06/19 00:01:33 [notice] 26#26: exit
2024/06/19 00:01:33 [notice] 28#28: exit
2024/06/19 00:01:33 [notice] 22#22: exit
2024/06/19 00:01:33 [notice] 29#29: exit
2024/06/19 00:01:33 [notice] 23#23: exit
2024/06/19 00:01:33 [notice] 1#1: signal 17 (SIGCHLD) received from 22
2024/06/19 00:01:33 [notice] 1#1: worker process 22 exited with code 0
2024/06/19 00:01:33 [notice] 1#1: worker process 23 exited with code 0
2024/06/19 00:01:33 [notice] 1#1: worker process 24 exited with code 0
2024/06/19 00:01:33 [notice] 1#1: worker process 27 exited with code 0
2024/06/19 00:01:33 [notice] 1#1: worker process 28 exited with code 0
2024/06/19 00:01:33 [notice] 1#1: worker process 29 exited with code 0
2024/06/19 00:01:33 [notice] 1#1: signal 29 (SIGIO) received
2024/06/19 00:01:33 [notice] 1#1: signal 17 (SIGCHLD) received from 29
2024/06/19 00:01:33 [notice] 1#1: signal 17 (SIGCHLD) received from 26
2024/06/19 00:01:33 [notice] 1#1: worker process 25 exited with code 0
2024/06/19 00:01:33 [notice] 1#1: worker process 26 exited with code 0
2024/06/19 00:01:33 [notice] 1#1: exit
2024/06/19 00:01:34 [notice] 1#1: using the "epoll" event method
2024/06/19 00:01:34 [notice] 1#1: nginx/1.27.0
2024/06/19 00:01:34 [notice] 1#1: built by gcc 12.2.0 (Debian 12.2.0-14) 
2024/06/19 00:01:34 [notice] 1#1: OS: Linux 6.6.31-linuxkit
2024/06/19 00:01:34 [notice] 1#1: getrlimit(RLIMIT_NOFILE): 1048576:1048576
2024/06/19 00:01:34 [notice] 1#1: start worker processes
2024/06/19 00:01:34 [notice] 1#1: start worker process 22
2024/06/19 00:01:34 [notice] 1#1: start worker process 23
2024/06/19 00:01:34 [notice] 1#1: start worker process 24
2024/06/19 00:01:34 [notice] 1#1: start worker process 25
2024/06/19 00:01:34 [notice] 1#1: start worker process 26
2024/06/19 00:01:34 [notice] 1#1: start worker process 27
2024/06/19 00:01:34 [notice] 1#1: start worker process 28
2024/06/19 00:01:34 [notice] 1#1: start worker process 29
2024/06/19 00:02:07 [notice] 1#1: signal 3 (SIGQUIT) received, shutting down
2024/06/19 00:02:07 [notice] 26#26: gracefully shutting down
2024/06/19 00:02:07 [notice] 26#26: exiting
2024/06/19 00:02:07 [notice] 27#27: gracefully shutting down
2024/06/19 00:02:07 [notice] 27#27: exiting
2024/06/19 00:02:07 [notice] 24#24: gracefully shutting down
2024/06/19 00:02:07 [notice] 24#24: exiting
2024/06/19 00:02:07 [notice] 23#23: gracefully shutting down
2024/06/19 00:02:07 [notice] 28#28: gracefully shutting down
2024/06/19 00:02:07 [notice] 28#28: exiting
2024/06/19 00:02:07 [notice] 22#22: gracefully shutting down
2024/06/19 00:02:07 [notice] 22#22: exiting
2024/06/19 00:02:07 [notice] 29#29: gracefully shutting down
2024/06/19 00:02:07 [notice] 25#25: gracefully shutting down
2024/06/19 00:02:07 [notice] 26#26: exit
2024/06/19 00:02:07 [notice] 27#27: exit
2024/06/19 00:02:07 [notice] 24#24: exit
2024/06/19 00:02:07 [notice] 23#23: exiting
2024/06/19 00:02:07 [notice] 28#28: exit
2024/06/19 00:02:07 [notice] 22#22: exit
2024/06/19 00:02:07 [notice] 29#29: exiting
2024/06/19 00:02:07 [notice] 29#29: exit
2024/06/19 00:02:07 [notice] 25#25: exiting
2024/06/19 00:02:07 [notice] 23#23: exit
2024/06/19 00:02:07 [notice] 25#25: exit
2024/06/19 00:02:07 [notice] 1#1: signal 17 (SIGCHLD) received from 28
2024/06/19 00:02:07 [notice] 1#1: worker process 28 exited with code 0
2024/06/19 00:02:07 [notice] 1#1: signal 29 (SIGIO) received
2024/06/19 00:02:07 [notice] 1#1: signal 17 (SIGCHLD) received from 24
2024/06/19 00:02:07 [notice] 1#1: worker process 24 exited with code 0
2024/06/19 00:02:07 [notice] 1#1: worker process 26 exited with code 0
2024/06/19 00:02:07 [notice] 1#1: signal 29 (SIGIO) received
2024/06/19 00:02:07 [notice] 1#1: signal 17 (SIGCHLD) received from 26
2024/06/19 00:02:07 [notice] 1#1: signal 17 (SIGCHLD) received from 29
2024/06/19 00:02:07 [notice] 1#1: worker process 22 exited with code 0
2024/06/19 00:02:07 [notice] 1#1: worker process 23 exited with code 0
2024/06/19 00:02:07 [notice] 1#1: worker process 25 exited with code 0
2024/06/19 00:02:07 [notice] 1#1: worker process 27 exited with code 0
2024/06/19 00:02:07 [notice] 1#1: worker process 29 exited with code 0
2024/06/19 00:02:07 [notice] 1#1: exit
2024/06/19 00:02:07 [notice] 1#1: using the "epoll" event method
2024/06/19 00:02:07 [notice] 1#1: nginx/1.27.0
2024/06/19 00:02:07 [notice] 1#1: built by gcc 12.2.0 (Debian 12.2.0-14) 
2024/06/19 00:02:07 [notice] 1#1: OS: Linux 6.6.31-linuxkit
2024/06/19 00:02:07 [notice] 1#1: getrlimit(RLIMIT_NOFILE): 1048576:1048576
2024/06/19 00:02:07 [notice] 1#1: start worker processes
2024/06/19 00:02:07 [notice] 1#1: start worker process 22
2024/06/19 00:02:07 [notice] 1#1: start worker process 23
2024/06/19 00:02:07 [notice] 1#1: start worker process 24
2024/06/19 00:02:07 [notice] 1#1: start worker process 25
2024/06/19 00:02:07 [notice] 1#1: start worker process 26
2024/06/19 00:02:07 [notice] 1#1: start worker process 27
2024/06/19 00:02:07 [notice] 1#1: start worker process 28
2024/06/19 00:02:07 [notice] 1#1: start worker process 29
2024/06/19 00:03:02 [notice] 1#1: signal 3 (SIGQUIT) received, shutting down
2024/06/19 00:03:02 [notice] 22#22: gracefully shutting down
2024/06/19 00:03:02 [notice] 27#27: gracefully shutting down
2024/06/19 00:03:02 [notice] 23#23: gracefully shutting down
2024/06/19 00:03:02 [notice] 28#28: gracefully shutting down
2024/06/19 00:03:02 [notice] 28#28: exiting
2024/06/19 00:03:02 [notice] 24#24: gracefully shutting down
2024/06/19 00:03:02 [notice] 24#24: exiting
2024/06/19 00:03:02 [notice] 25#25: gracefully shutting down
2024/06/19 00:03:02 [notice] 25#25: exiting
2024/06/19 00:03:02 [notice] 26#26: gracefully shutting down
2024/06/19 00:03:02 [notice] 26#26: exiting
2024/06/19 00:03:02 [notice] 29#29: gracefully shutting down
2024/06/19 00:03:02 [notice] 22#22: exiting
2024/06/19 00:03:02 [notice] 27#27: exiting
2024/06/19 00:03:02 [notice] 23#23: exiting
2024/06/19 00:03:02 [notice] 28#28: exit
2024/06/19 00:03:02 [notice] 24#24: exit
2024/06/19 00:03:02 [notice] 25#25: exit
2024/06/19 00:03:02 [notice] 26#26: exit
2024/06/19 00:03:02 [notice] 29#29: exiting
2024/06/19 00:03:02 [notice] 29#29: exit
2024/06/19 00:03:02 [notice] 22#22: exit
2024/06/19 00:03:02 [notice] 27#27: exit
2024/06/19 00:03:02 [notice] 23#23: exit
2024/06/19 00:03:02 [notice] 1#1: signal 17 (SIGCHLD) received from 26
2024/06/19 00:03:02 [notice] 1#1: worker process 25 exited with code 0
2024/06/19 00:03:02 [notice] 1#1: worker process 26 exited with code 0
2024/06/19 00:03:02 [notice] 1#1: signal 29 (SIGIO) received
2024/06/19 00:03:02 [notice] 1#1: signal 17 (SIGCHLD) received from 29
2024/06/19 00:03:02 [notice] 1#1: worker process 23 exited with code 0
2024/06/19 00:03:02 [notice] 1#1: worker process 24 exited with code 0
2024/06/19 00:03:02 [notice] 1#1: worker process 27 exited with code 0
2024/06/19 00:03:02 [notice] 1#1: worker process 28 exited with code 0
2024/06/19 00:03:02 [notice] 1#1: worker process 29 exited with code 0
2024/06/19 00:03:02 [notice] 1#1: signal 29 (SIGIO) received
2024/06/19 00:03:02 [notice] 1#1: signal 17 (SIGCHLD) received from 28
2024/06/19 00:03:02 [notice] 1#1: signal 17 (SIGCHLD) received from 22
2024/06/19 00:03:02 [notice] 1#1: worker process 22 exited with code 0
2024/06/19 00:03:02 [notice] 1#1: exit
2024/06/19 00:03:02 [notice] 1#1: using the "epoll" event method
2024/06/19 00:03:02 [notice] 1#1: nginx/1.27.0
2024/06/19 00:03:02 [notice] 1#1: built by gcc 12.2.0 (Debian 12.2.0-14) 
2024/06/19 00:03:02 [notice] 1#1: OS: Linux 6.6.31-linuxkit
2024/06/19 00:03:02 [notice] 1#1: getrlimit(RLIMIT_NOFILE): 1048576:1048576
2024/06/19 00:03:02 [notice] 1#1: start worker processes
2024/06/19 00:03:02 [notice] 1#1: start worker process 22
2024/06/19 00:03:02 [notice] 1#1: start worker process 23
2024/06/19 00:03:02 [notice] 1#1: start worker process 24
2024/06/19 00:03:02 [notice] 1#1: start worker process 25
2024/06/19 00:03:02 [notice] 1#1: start worker process 26
2024/06/19 00:03:02 [notice] 1#1: start worker process 27
2024/06/19 00:03:02 [notice] 1#1: start worker process 28
2024/06/19 00:03:02 [notice] 1#1: start worker process 29
2024/06/19 00:03:32 [notice] 1#1: signal 3 (SIGQUIT) received, shutting down
2024/06/19 00:03:32 [notice] 24#24: gracefully shutting down
2024/06/19 00:03:32 [notice] 24#24: exiting
2024/06/19 00:03:32 [notice] 25#25: gracefully shutting down
2024/06/19 00:03:32 [notice] 22#22: gracefully shutting down
2024/06/19 00:03:32 [notice] 26#26: gracefully shutting down
2024/06/19 00:03:32 [notice] 26#26: exiting
2024/06/19 00:03:32 [notice] 29#29: gracefully shutting down
2024/06/19 00:03:32 [notice] 29#29: exiting
2024/06/19 00:03:32 [notice] 23#23: gracefully shutting down
2024/06/19 00:03:32 [notice] 27#27: gracefully shutting down
2024/06/19 00:03:32 [notice] 28#28: gracefully shutting down
2024/06/19 00:03:32 [notice] 24#24: exit
2024/06/19 00:03:32 [notice] 25#25: exiting
2024/06/19 00:03:32 [notice] 25#25: exit
2024/06/19 00:03:32 [notice] 22#22: exiting
2024/06/19 00:03:32 [notice] 22#22: exit
2024/06/19 00:03:32 [notice] 26#26: exit
2024/06/19 00:03:32 [notice] 29#29: exit
2024/06/19 00:03:32 [notice] 23#23: exiting
2024/06/19 00:03:32 [notice] 27#27: exiting
2024/06/19 00:03:32 [notice] 28#28: exiting
2024/06/19 00:03:32 [notice] 23#23: exit
2024/06/19 00:03:32 [notice] 27#27: exit
2024/06/19 00:03:32 [notice] 28#28: exit
2024/06/19 00:03:32 [notice] 1#1: signal 17 (SIGCHLD) received from 27
2024/06/19 00:03:32 [notice] 1#1: worker process 22 exited with code 0
2024/06/19 00:03:32 [notice] 1#1: worker process 24 exited with code 0
2024/06/19 00:03:32 [notice] 1#1: worker process 27 exited with code 0
2024/06/19 00:03:32 [notice] 1#1: worker process 29 exited with code 0
2024/06/19 00:03:32 [notice] 1#1: signal 29 (SIGIO) received
2024/06/19 00:03:32 [notice] 1#1: signal 17 (SIGCHLD) received from 29
2024/06/19 00:03:32 [notice] 1#1: signal 17 (SIGCHLD) received from 28
2024/06/19 00:03:32 [notice] 1#1: worker process 26 exited with code 0
2024/06/19 00:03:32 [notice] 1#1: worker process 28 exited with code 0
2024/06/19 00:03:32 [notice] 1#1: signal 29 (SIGIO) received
2024/06/19 00:03:32 [notice] 1#1: signal 17 (SIGCHLD) received from 26
2024/06/19 00:03:32 [notice] 1#1: signal 17 (SIGCHLD) received from 25
2024/06/19 00:03:32 [notice] 1#1: worker process 23 exited with code 0
2024/06/19 00:03:32 [notice] 1#1: worker process 25 exited with code 0
2024/06/19 00:03:32 [notice] 1#1: exit
2024/06/19 00:03:33 [notice] 1#1: using the "epoll" event method
2024/06/19 00:03:33 [notice] 1#1: nginx/1.27.0
2024/06/19 00:03:33 [notice] 1#1: built by gcc 12.2.0 (Debian 12.2.0-14) 
2024/06/19 00:03:33 [notice] 1#1: OS: Linux 6.6.31-linuxkit
2024/06/19 00:03:33 [notice] 1#1: getrlimit(RLIMIT_NOFILE): 1048576:1048576
2024/06/19 00:03:33 [notice] 1#1: start worker processes
2024/06/19 00:03:33 [notice] 1#1: start worker process 22
2024/06/19 00:03:33 [notice] 1#1: start worker process 23
2024/06/19 00:03:33 [notice] 1#1: start worker process 24
2024/06/19 00:03:33 [notice] 1#1: start worker process 25
2024/06/19 00:03:33 [notice] 1#1: start worker process 26
2024/06/19 00:03:33 [notice] 1#1: start worker process 27
2024/06/19 00:03:33 [notice] 1#1: start worker process 28
2024/06/19 00:03:33 [notice] 1#1: start worker process 29
2024/06/19 00:04:31 [notice] 1#1: signal 3 (SIGQUIT) received, shutting down
2024/06/19 00:04:31 [notice] 23#23: gracefully shutting down
2024/06/19 00:04:31 [notice] 22#22: gracefully shutting down
2024/06/19 00:04:31 [notice] 22#22: exiting
2024/06/19 00:04:31 [notice] 26#26: gracefully shutting down
2024/06/19 00:04:31 [notice] 28#28: gracefully shutting down
2024/06/19 00:04:31 [notice] 28#28: exiting
2024/06/19 00:04:31 [notice] 24#24: gracefully shutting down
2024/06/19 00:04:31 [notice] 24#24: exiting
2024/06/19 00:04:31 [notice] 25#25: gracefully shutting down
2024/06/19 00:04:31 [notice] 27#27: gracefully shutting down
2024/06/19 00:04:31 [notice] 29#29: gracefully shutting down
2024/06/19 00:04:31 [notice] 23#23: exiting
2024/06/19 00:04:31 [notice] 23#23: exit
2024/06/19 00:04:31 [notice] 22#22: exit
2024/06/19 00:04:31 [notice] 26#26: exiting
2024/06/19 00:04:31 [notice] 28#28: exit
2024/06/19 00:04:31 [notice] 24#24: exit
2024/06/19 00:04:31 [notice] 25#25: exiting
2024/06/19 00:04:31 [notice] 25#25: exit
2024/06/19 00:04:31 [notice] 27#27: exiting
2024/06/19 00:04:31 [notice] 29#29: exiting
2024/06/19 00:04:31 [notice] 26#26: exit
2024/06/19 00:04:31 [notice] 27#27: exit
2024/06/19 00:04:31 [notice] 29#29: exit
2024/06/19 00:04:31 [notice] 1#1: signal 17 (SIGCHLD) received from 26
2024/06/19 00:04:31 [notice] 1#1: worker process 22 exited with code 0
2024/06/19 00:04:31 [notice] 1#1: worker process 23 exited with code 0
2024/06/19 00:04:31 [notice] 1#1: worker process 24 exited with code 0
2024/06/19 00:04:31 [notice] 1#1: worker process 26 exited with code 0
2024/06/19 00:04:31 [notice] 1#1: worker process 27 exited with code 0
2024/06/19 00:04:31 [notice] 1#1: worker process 28 exited with code 0
2024/06/19 00:04:31 [notice] 1#1: worker process 29 exited with code 0
2024/06/19 00:04:31 [notice] 1#1: signal 29 (SIGIO) received
2024/06/19 00:04:31 [notice] 1#1: signal 17 (SIGCHLD) received from 28
2024/06/19 00:04:31 [notice] 1#1: signal 17 (SIGCHLD) received from 25
2024/06/19 00:04:31 [notice] 1#1: worker process 25 exited with code 0
2024/06/19 00:04:31 [notice] 1#1: exit
2024/06/19 00:04:31 [notice] 1#1: using the "epoll" event method
2024/06/19 00:04:31 [notice] 1#1: nginx/1.27.0
2024/06/19 00:04:31 [notice] 1#1: built by gcc 12.2.0 (Debian 12.2.0-14) 
2024/06/19 00:04:31 [notice] 1#1: OS: Linux 6.6.31-linuxkit
2024/06/19 00:04:31 [notice] 1#1: getrlimit(RLIMIT_NOFILE): 1048576:1048576
2024/06/19 00:04:31 [notice] 1#1: start worker processes
2024/06/19 00:04:31 [notice] 1#1: start worker process 22
2024/06/19 00:04:31 [notice] 1#1: start worker process 23
2024/06/19 00:04:31 [notice] 1#1: start worker process 24
2024/06/19 00:04:31 [notice] 1#1: start worker process 25
2024/06/19 00:04:31 [notice] 1#1: start worker process 26
2024/06/19 00:04:31 [notice] 1#1: start worker process 27
2024/06/19 00:04:31 [notice] 1#1: start worker process 28
2024/06/19 00:04:31 [notice] 1#1: start worker process 29
2024/06/19 00:05:15 [notice] 1#1: signal 3 (SIGQUIT) received, shutting down
2024/06/19 00:05:15 [notice] 28#28: gracefully shutting down
2024/06/19 00:05:15 [notice] 28#28: exiting
2024/06/19 00:05:15 [notice] 29#29: gracefully shutting down
2024/06/19 00:05:15 [notice] 29#29: exiting
2024/06/19 00:05:15 [notice] 23#23: gracefully shutting down
2024/06/19 00:05:15 [notice] 23#23: exiting
2024/06/19 00:05:15 [notice] 27#27: gracefully shutting down
2024/06/19 00:05:15 [notice] 24#24: gracefully shutting down
2024/06/19 00:05:15 [notice] 22#22: gracefully shutting down
2024/06/19 00:05:15 [notice] 25#25: gracefully shutting down
2024/06/19 00:05:15 [notice] 25#25: exiting
2024/06/19 00:05:15 [notice] 26#26: gracefully shutting down
2024/06/19 00:05:15 [notice] 28#28: exit
2024/06/19 00:05:15 [notice] 29#29: exit
2024/06/19 00:05:15 [notice] 23#23: exit
2024/06/19 00:05:15 [notice] 27#27: exiting
2024/06/19 00:05:15 [notice] 24#24: exiting
2024/06/19 00:05:15 [notice] 22#22: exiting
2024/06/19 00:05:15 [notice] 25#25: exit
2024/06/19 00:05:15 [notice] 26#26: exiting
2024/06/19 00:05:15 [notice] 27#27: exit
2024/06/19 00:05:15 [notice] 24#24: exit
2024/06/19 00:05:15 [notice] 22#22: exit
2024/06/19 00:05:15 [notice] 26#26: exit
2024/06/19 00:05:15 [notice] 1#1: signal 17 (SIGCHLD) received from 27
2024/06/19 00:05:15 [notice] 1#1: worker process 27 exited with code 0
2024/06/19 00:05:15 [notice] 1#1: signal 29 (SIGIO) received
2024/06/19 00:05:15 [notice] 1#1: signal 17 (SIGCHLD) received from 29
2024/06/19 00:05:15 [notice] 1#1: worker process 22 exited with code 0
2024/06/19 00:05:15 [notice] 1#1: worker process 23 exited with code 0
2024/06/19 00:05:15 [notice] 1#1: worker process 25 exited with code 0
2024/06/19 00:05:15 [notice] 1#1: worker process 26 exited with code 0
2024/06/19 00:05:15 [notice] 1#1: worker process 28 exited with code 0
2024/06/19 00:05:15 [notice] 1#1: worker process 29 exited with code 0
2024/06/19 00:05:15 [notice] 1#1: signal 29 (SIGIO) received
2024/06/19 00:05:15 [notice] 1#1: signal 17 (SIGCHLD) received from 23
2024/06/19 00:05:15 [notice] 1#1: signal 17 (SIGCHLD) received from 24
2024/06/19 00:05:15 [notice] 1#1: worker process 24 exited with code 0
2024/06/19 00:05:15 [notice] 1#1: exit
2024/06/19 00:05:15 [notice] 1#1: using the "epoll" event method
2024/06/19 00:05:15 [notice] 1#1: nginx/1.27.0
2024/06/19 00:05:15 [notice] 1#1: built by gcc 12.2.0 (Debian 12.2.0-14) 
2024/06/19 00:05:15 [notice] 1#1: OS: Linux 6.6.31-linuxkit
2024/06/19 00:05:15 [notice] 1#1: getrlimit(RLIMIT_NOFILE): 1048576:1048576
2024/06/19 00:05:15 [notice] 1#1: start worker processes
2024/06/19 00:05:15 [notice] 1#1: start worker process 22
2024/06/19 00:05:15 [notice] 1#1: start worker process 23
2024/06/19 00:05:15 [notice] 1#1: start worker process 24
2024/06/19 00:05:15 [notice] 1#1: start worker process 25
2024/06/19 00:05:15 [notice] 1#1: start worker process 26
2024/06/19 00:05:15 [notice] 1#1: start worker process 27
2024/06/19 00:05:15 [notice] 1#1: start worker process 28
2024/06/19 00:05:15 [notice] 1#1: start worker process 29
2024/06/19 00:05:43 [notice] 1#1: signal 3 (SIGQUIT) received, shutting down
2024/06/19 00:05:43 [notice] 28#28: gracefully shutting down
2024/06/19 00:05:43 [notice] 25#25: gracefully shutting down
2024/06/19 00:05:43 [notice] 25#25: exiting
2024/06/19 00:05:43 [notice] 27#27: gracefully shutting down
2024/06/19 00:05:43 [notice] 29#29: gracefully shutting down
2024/06/19 00:05:43 [notice] 29#29: exiting
2024/06/19 00:05:43 [notice] 26#26: gracefully shutting down
2024/06/19 00:05:43 [notice] 22#22: gracefully shutting down
2024/06/19 00:05:43 [notice] 22#22: exiting
2024/06/19 00:05:43 [notice] 24#24: gracefully shutting down
2024/06/19 00:05:43 [notice] 23#23: gracefully shutting down
2024/06/19 00:05:43 [notice] 28#28: exiting
2024/06/19 00:05:43 [notice] 28#28: exit
2024/06/19 00:05:43 [notice] 25#25: exit
2024/06/19 00:05:43 [notice] 27#27: exiting
2024/06/19 00:05:43 [notice] 27#27: exit
2024/06/19 00:05:43 [notice] 29#29: exit
2024/06/19 00:05:43 [notice] 26#26: exiting
2024/06/19 00:05:43 [notice] 22#22: exit
2024/06/19 00:05:43 [notice] 24#24: exiting
2024/06/19 00:05:43 [notice] 23#23: exiting
2024/06/19 00:05:43 [notice] 26#26: exit
2024/06/19 00:05:43 [notice] 24#24: exit
2024/06/19 00:05:43 [notice] 23#23: exit
2024/06/19 00:05:43 [notice] 1#1: signal 17 (SIGCHLD) received from 28
2024/06/19 00:05:43 [notice] 1#1: worker process 25 exited with code 0
2024/06/19 00:05:43 [notice] 1#1: worker process 28 exited with code 0
2024/06/19 00:05:43 [notice] 1#1: signal 29 (SIGIO) received
2024/06/19 00:05:43 [notice] 1#1: signal 17 (SIGCHLD) received from 23
2024/06/19 00:05:43 [notice] 1#1: worker process 23 exited with code 0
2024/06/19 00:05:43 [notice] 1#1: worker process 22 exited with code 0
2024/06/19 00:05:43 [notice] 1#1: worker process 24 exited with code 0
2024/06/19 00:05:43 [notice] 1#1: worker process 26 exited with code 0
2024/06/19 00:05:43 [notice] 1#1: worker process 27 exited with code 0
2024/06/19 00:05:43 [notice] 1#1: worker process 29 exited with code 0
2024/06/19 00:05:43 [notice] 1#1: exit
2024/06/19 00:05:43 [notice] 1#1: using the "epoll" event method
2024/06/19 00:05:43 [notice] 1#1: nginx/1.27.0
2024/06/19 00:05:43 [notice] 1#1: built by gcc 12.2.0 (Debian 12.2.0-14) 
2024/06/19 00:05:43 [notice] 1#1: OS: Linux 6.6.31-linuxkit
2024/06/19 00:05:43 [notice] 1#1: getrlimit(RLIMIT_NOFILE): 1048576:1048576
2024/06/19 00:05:43 [notice] 1#1: start worker processes
2024/06/19 00:05:43 [notice] 1#1: start worker process 22
2024/06/19 00:05:43 [notice] 1#1: start worker process 23
2024/06/19 00:05:43 [notice] 1#1: start worker process 24
2024/06/19 00:05:43 [notice] 1#1: start worker process 25
2024/06/19 00:05:43 [notice] 1#1: start worker process 26
2024/06/19 00:05:43 [notice] 1#1: start worker process 27
2024/06/19 00:05:43 [notice] 1#1: start worker process 28
2024/06/19 00:05:43 [notice] 1#1: start worker process 29
2024/06/19 00:05:58 [notice] 1#1: signal 3 (SIGQUIT) received, shutting down
2024/06/19 00:05:58 [notice] 22#22: gracefully shutting down
2024/06/19 00:05:58 [notice] 22#22: exiting
2024/06/19 00:05:58 [notice] 23#23: gracefully shutting down
2024/06/19 00:05:58 [notice] 23#23: exiting
2024/06/19 00:05:58 [notice] 26#26: gracefully shutting down
2024/06/19 00:05:58 [notice] 27#27: gracefully shutting down
2024/06/19 00:05:58 [notice] 28#28: gracefully shutting down
2024/06/19 00:05:58 [notice] 29#29: gracefully shutting down
2024/06/19 00:05:58 [notice] 29#29: exiting
2024/06/19 00:05:58 [notice] 24#24: gracefully shutting down
2024/06/19 00:05:58 [notice] 25#25: gracefully shutting down
2024/06/19 00:05:58 [notice] 25#25: exiting
2024/06/19 00:05:58 [notice] 22#22: exit
2024/06/19 00:05:58 [notice] 23#23: exit
2024/06/19 00:05:58 [notice] 26#26: exiting
2024/06/19 00:05:58 [notice] 27#27: exiting
2024/06/19 00:05:58 [notice] 27#27: exit
2024/06/19 00:05:58 [notice] 28#28: exiting
2024/06/19 00:05:58 [notice] 29#29: exit
2024/06/19 00:05:58 [notice] 24#24: exiting
2024/06/19 00:05:58 [notice] 25#25: exit
2024/06/19 00:05:58 [notice] 26#26: exit
2024/06/19 00:05:58 [notice] 28#28: exit
2024/06/19 00:05:58 [notice] 24#24: exit
2024/06/19 00:05:58 [notice] 1#1: signal 17 (SIGCHLD) received from 24
2024/06/19 00:05:58 [notice] 1#1: worker process 23 exited with code 0
2024/06/19 00:05:58 [notice] 1#1: worker process 24 exited with code 0
2024/06/19 00:05:58 [notice] 1#1: worker process 25 exited with code 0
2024/06/19 00:05:58 [notice] 1#1: worker process 27 exited with code 0
2024/06/19 00:05:58 [notice] 1#1: signal 29 (SIGIO) received
2024/06/19 00:05:58 [notice] 1#1: signal 17 (SIGCHLD) received from 25
2024/06/19 00:05:58 [notice] 1#1: signal 17 (SIGCHLD) received from 28
2024/06/19 00:05:58 [notice] 1#1: worker process 22 exited with code 0
2024/06/19 00:05:58 [notice] 1#1: worker process 26 exited with code 0
2024/06/19 00:05:58 [notice] 1#1: worker process 28 exited with code 0
2024/06/19 00:05:58 [notice] 1#1: worker process 29 exited with code 0
2024/06/19 00:05:58 [notice] 1#1: exit
2024/06/19 00:05:58 [notice] 1#1: using the "epoll" event method
2024/06/19 00:05:58 [notice] 1#1: nginx/1.27.0
2024/06/19 00:05:58 [notice] 1#1: built by gcc 12.2.0 (Debian 12.2.0-14) 
2024/06/19 00:05:58 [notice] 1#1: OS: Linux 6.6.31-linuxkit
2024/06/19 00:05:58 [notice] 1#1: getrlimit(RLIMIT_NOFILE): 1048576:1048576
2024/06/19 00:05:58 [notice] 1#1: start worker processes
2024/06/19 00:05:58 [notice] 1#1: start worker process 22
2024/06/19 00:05:58 [notice] 1#1: start worker process 23
2024/06/19 00:05:58 [notice] 1#1: start worker process 24
2024/06/19 00:05:58 [notice] 1#1: start worker process 25
2024/06/19 00:05:58 [notice] 1#1: start worker process 26
2024/06/19 00:05:58 [notice] 1#1: start worker process 27
2024/06/19 00:05:58 [notice] 1#1: start worker process 28
2024/06/19 00:05:58 [notice] 1#1: start worker process 29
2024/06/19 00:07:16 [notice] 1#1: signal 3 (SIGQUIT) received, shutting down
2024/06/19 00:07:16 [notice] 22#22: gracefully shutting down
2024/06/19 00:07:16 [notice] 25#25: gracefully shutting down
2024/06/19 00:07:16 [notice] 25#25: exiting
2024/06/19 00:07:16 [notice] 23#23: gracefully shutting down
2024/06/19 00:07:16 [notice] 27#27: gracefully shutting down
2024/06/19 00:07:16 [notice] 28#28: gracefully shutting down
2024/06/19 00:07:16 [notice] 26#26: gracefully shutting down
2024/06/19 00:07:16 [notice] 24#24: gracefully shutting down
2024/06/19 00:07:16 [notice] 29#29: gracefully shutting down
2024/06/19 00:07:16 [notice] 29#29: exiting
2024/06/19 00:07:16 [notice] 22#22: exiting
2024/06/19 00:07:16 [notice] 25#25: exit
2024/06/19 00:07:16 [notice] 23#23: exiting
2024/06/19 00:07:16 [notice] 27#27: exiting
2024/06/19 00:07:16 [notice] 28#28: exiting
2024/06/19 00:07:16 [notice] 28#28: exit
2024/06/19 00:07:16 [notice] 26#26: exiting
2024/06/19 00:07:16 [notice] 24#24: exiting
2024/06/19 00:07:16 [notice] 29#29: exit
2024/06/19 00:07:16 [notice] 22#22: exit
2024/06/19 00:07:16 [notice] 23#23: exit
2024/06/19 00:07:16 [notice] 27#27: exit
2024/06/19 00:07:16 [notice] 26#26: exit
2024/06/19 00:07:16 [notice] 24#24: exit
2024/06/19 00:07:16 [notice] 1#1: signal 17 (SIGCHLD) received from 22
2024/06/19 00:07:16 [notice] 1#1: worker process 22 exited with code 0
2024/06/19 00:07:16 [notice] 1#1: worker process 25 exited with code 0
2024/06/19 00:07:16 [notice] 1#1: worker process 26 exited with code 0
2024/06/19 00:07:16 [notice] 1#1: worker process 27 exited with code 0
2024/06/19 00:07:16 [notice] 1#1: worker process 29 exited with code 0
2024/06/19 00:07:16 [notice] 1#1: signal 29 (SIGIO) received
2024/06/19 00:07:16 [notice] 1#1: signal 17 (SIGCHLD) received from 29
2024/06/19 00:07:16 [notice] 1#1: signal 17 (SIGCHLD) received from 28
2024/06/19 00:07:16 [notice] 1#1: worker process 23 exited with code 0
2024/06/19 00:07:16 [notice] 1#1: worker process 28 exited with code 0
2024/06/19 00:07:16 [notice] 1#1: signal 29 (SIGIO) received
2024/06/19 00:07:16 [notice] 1#1: signal 17 (SIGCHLD) received from 23
2024/06/19 00:07:16 [notice] 1#1: signal 17 (SIGCHLD) received from 24
2024/06/19 00:07:16 [notice] 1#1: worker process 24 exited with code 0
2024/06/19 00:07:16 [notice] 1#1: exit
2024/06/19 00:07:17 [notice] 1#1: using the "epoll" event method
2024/06/19 00:07:17 [notice] 1#1: nginx/1.27.0
2024/06/19 00:07:17 [notice] 1#1: built by gcc 12.2.0 (Debian 12.2.0-14) 
2024/06/19 00:07:17 [notice] 1#1: OS: Linux 6.6.31-linuxkit
2024/06/19 00:07:17 [notice] 1#1: getrlimit(RLIMIT_NOFILE): 1048576:1048576
2024/06/19 00:07:17 [notice] 1#1: start worker processes
2024/06/19 00:07:17 [notice] 1#1: start worker process 21
2024/06/19 00:07:17 [notice] 1#1: start worker process 22
2024/06/19 00:07:17 [notice] 1#1: start worker process 23
2024/06/19 00:07:17 [notice] 1#1: start worker process 24
2024/06/19 00:07:17 [notice] 1#1: start worker process 25
2024/06/19 00:07:17 [notice] 1#1: start worker process 26
2024/06/19 00:07:17 [notice] 1#1: start worker process 27
2024/06/19 00:07:17 [notice] 1#1: start worker process 28
2024/06/19 00:09:52 [notice] 1#1: signal 3 (SIGQUIT) received, shutting down
2024/06/19 00:09:52 [notice] 23#23: gracefully shutting down
2024/06/19 00:09:52 [notice] 27#27: gracefully shutting down
2024/06/19 00:09:52 [notice] 21#21: gracefully shutting down
2024/06/19 00:09:52 [notice] 22#22: gracefully shutting down
2024/06/19 00:09:52 [notice] 24#24: gracefully shutting down
2024/06/19 00:09:52 [notice] 28#28: gracefully shutting down
2024/06/19 00:09:52 [notice] 26#26: gracefully shutting down
2024/06/19 00:09:52 [notice] 25#25: gracefully shutting down
2024/06/19 00:09:52 [notice] 23#23: exiting
2024/06/19 00:09:52 [notice] 27#27: exiting
2024/06/19 00:09:52 [notice] 21#21: exiting
2024/06/19 00:09:52 [notice] 22#22: exiting
2024/06/19 00:09:52 [notice] 24#24: exiting
2024/06/19 00:09:52 [notice] 28#28: exiting
2024/06/19 00:09:52 [notice] 26#26: exiting
2024/06/19 00:09:52 [notice] 25#25: exiting
2024/06/19 00:09:52 [notice] 23#23: exit
2024/06/19 00:09:52 [notice] 27#27: exit
2024/06/19 00:09:52 [notice] 21#21: exit
2024/06/19 00:09:52 [notice] 22#22: exit
2024/06/19 00:09:52 [notice] 24#24: exit
2024/06/19 00:09:52 [notice] 28#28: exit
2024/06/19 00:09:52 [notice] 26#26: exit
2024/06/19 00:09:52 [notice] 25#25: exit
2024/06/19 00:09:52 [notice] 1#1: signal 17 (SIGCHLD) received from 27
2024/06/19 00:09:52 [notice] 1#1: worker process 25 exited with code 0
2024/06/19 00:09:52 [notice] 1#1: worker process 27 exited with code 0
2024/06/19 00:09:52 [notice] 1#1: signal 29 (SIGIO) received
2024/06/19 00:09:52 [notice] 1#1: signal 17 (SIGCHLD) received from 21
2024/06/19 00:09:52 [notice] 1#1: worker process 21 exited with code 0
2024/06/19 00:09:52 [notice] 1#1: worker process 22 exited with code 0
2024/06/19 00:09:52 [notice] 1#1: worker process 23 exited with code 0
2024/06/19 00:09:52 [notice] 1#1: worker process 24 exited with code 0
2024/06/19 00:09:52 [notice] 1#1: worker process 26 exited with code 0
2024/06/19 00:09:52 [notice] 1#1: worker process 28 exited with code 0
2024/06/19 00:09:52 [notice] 1#1: exit
2024/06/19 00:10:03 [notice] 1#1: using the "epoll" event method
2024/06/19 00:10:03 [notice] 1#1: nginx/1.27.0
2024/06/19 00:10:03 [notice] 1#1: built by gcc 12.2.0 (Debian 12.2.0-14) 
2024/06/19 00:10:03 [notice] 1#1: OS: Linux 6.6.31-linuxkit
2024/06/19 00:10:03 [notice] 1#1: getrlimit(RLIMIT_NOFILE): 1048576:1048576
2024/06/19 00:10:03 [notice] 1#1: start worker processes
2024/06/19 00:10:03 [notice] 1#1: start worker process 22
2024/06/19 00:10:03 [notice] 1#1: start worker process 23
2024/06/19 00:10:03 [notice] 1#1: start worker process 24
2024/06/19 00:10:03 [notice] 1#1: start worker process 25
2024/06/19 00:10:03 [notice] 1#1: start worker process 26
2024/06/19 00:10:03 [notice] 1#1: start worker process 27
2024/06/19 00:10:03 [notice] 1#1: start worker process 28
2024/06/19 00:10:03 [notice] 1#1: start worker process 29
2024/06/19 00:13:15 [notice] 1#1: signal 3 (SIGQUIT) received, shutting down
2024/06/19 00:13:15 [notice] 25#25: gracefully shutting down
2024/06/19 00:13:15 [notice] 24#24: gracefully shutting down
2024/06/19 00:13:15 [notice] 22#22: gracefully shutting down
2024/06/19 00:13:15 [notice] 27#27: gracefully shutting down
2024/06/19 00:13:15 [notice] 29#29: gracefully shutting down
2024/06/19 00:13:15 [notice] 28#28: gracefully shutting down
2024/06/19 00:13:15 [notice] 26#26: gracefully shutting down
2024/06/19 00:13:15 [notice] 23#23: gracefully shutting down
2024/06/19 00:13:15 [notice] 25#25: exiting
2024/06/19 00:13:15 [notice] 23#23: exiting
2024/06/19 00:13:15 [notice] 24#24: exiting
2024/06/19 00:13:15 [notice] 22#22: exiting
2024/06/19 00:13:15 [notice] 27#27: exiting
2024/06/19 00:13:15 [notice] 29#29: exiting
2024/06/19 00:13:15 [notice] 28#28: exiting
2024/06/19 00:13:15 [notice] 26#26: exiting
2024/06/19 00:13:15 [notice] 25#25: exit
2024/06/19 00:13:15 [notice] 23#23: exit
2024/06/19 00:13:15 [notice] 24#24: exit
2024/06/19 00:13:15 [notice] 22#22: exit
2024/06/19 00:13:15 [notice] 27#27: exit
2024/06/19 00:13:15 [notice] 29#29: exit
2024/06/19 00:13:15 [notice] 28#28: exit
2024/06/19 00:13:15 [notice] 26#26: exit
2024/06/19 00:13:15 [notice] 1#1: signal 17 (SIGCHLD) received from 23
2024/06/19 00:13:15 [notice] 1#1: worker process 22 exited with code 0
2024/06/19 00:13:15 [notice] 1#1: worker process 23 exited with code 0
2024/06/19 00:13:15 [notice] 1#1: worker process 25 exited with code 0
2024/06/19 00:13:15 [notice] 1#1: worker process 27 exited with code 0
2024/06/19 00:13:15 [notice] 1#1: worker process 29 exited with code 0
2024/06/19 00:13:15 [notice] 1#1: signal 29 (SIGIO) received
2024/06/19 00:13:15 [notice] 1#1: signal 17 (SIGCHLD) received from 27
2024/06/19 00:13:15 [notice] 1#1: signal 17 (SIGCHLD) received from 28
2024/06/19 00:13:15 [notice] 1#1: worker process 24 exited with code 0
2024/06/19 00:13:15 [notice] 1#1: worker process 26 exited with code 0
2024/06/19 00:13:15 [notice] 1#1: worker process 28 exited with code 0
2024/06/19 00:13:15 [notice] 1#1: exit
2024/06/19 00:13:25 [notice] 1#1: using the "epoll" event method
2024/06/19 00:13:25 [notice] 1#1: nginx/1.27.0
2024/06/19 00:13:25 [notice] 1#1: built by gcc 12.2.0 (Debian 12.2.0-14) 
2024/06/19 00:13:25 [notice] 1#1: OS: Linux 6.6.31-linuxkit
2024/06/19 00:13:25 [notice] 1#1: getrlimit(RLIMIT_NOFILE): 1048576:1048576
2024/06/19 00:13:25 [notice] 1#1: start worker processes
2024/06/19 00:13:25 [notice] 1#1: start worker process 22
2024/06/19 00:13:25 [notice] 1#1: start worker process 23
2024/06/19 00:13:25 [notice] 1#1: start worker process 24
2024/06/19 00:13:25 [notice] 1#1: start worker process 25
2024/06/19 00:13:25 [notice] 1#1: start worker process 26
2024/06/19 00:13:25 [notice] 1#1: start worker process 27
2024/06/19 00:13:25 [notice] 1#1: start worker process 28
2024/06/19 00:13:25 [notice] 1#1: start worker process 29
